[0m15:45:38.919894 [debug] [MainThread]: Sending event: {'category': 'dbt', 'action': 'invocation', 'label': 'start', 'context': [<snowplow_tracker.self_describing_json.SelfDescribingJson object at 0x0000015AC2ABA270>, <snowplow_tracker.self_describing_json.SelfDescribingJson object at 0x0000015AC00AF250>, <snowplow_tracker.self_describing_json.SelfDescribingJson object at 0x0000015AC4AB3ED0>]}


============================== 15:45:38.932985 | 57a5c292-5157-47e9-ac51-373931ab4c7d ==============================
[0m15:45:38.932985 [info ] [MainThread]: Running with dbt=1.11.11
[0m15:45:38.933753 [debug] [MainThread]: running dbt with arguments {'static_parser': 'True', 'no_print': 'None', 'version_check': 'True', 'warn_error_options': 'WarnErrorOptionsV2(error=[], warn=[], silence=[])', 'target_path': 'None', 'printer_width': '80', 'write_json': 'True', 'introspect': 'True', 'log_cache_events': 'False', 'empty': 'None', 'cache_selected_only': 'False', 'log_format': 'default', 'debug': 'False', 'fail_fast': 'False', 'profiles_dir': 'C:\\Users\\syenq\\.dbt', 'send_anonymous_usage_stats': 'True', 'quiet': 'False', 'warn_error': 'None', 'partial_parse': 'True', 'use_colors': 'True', 'indirect_selection': 'eager', 'invocation_command': 'dbt init dbt', 'use_experimental_parser': 'False', 'log_path': 'logs'}
[0m15:45:39.146254 [info ] [MainThread]: Creating dbt configuration folder at C:\Users\syenq\.dbt
[0m15:47:57.585364 [debug] [MainThread]: Starter project path: C:\Users\syenq\Documents\GitHub\Data-Engineer-Project\venv\Lib\site-packages\dbt\include\starter_project
[0m15:47:57.622113 [info ] [MainThread]: 
Your new dbt project "dbt_transform" was created!

For more information on how to configure the profiles.yml file,
please consult the dbt documentation here:

  https://docs.getdbt.com/docs/configure-your-profile

One more thing:

Need help? Don't hesitate to reach out to us via GitHub issues or on Slack:

  https://community.getdbt.com/

Happy modeling!

[0m15:47:57.622716 [info ] [MainThread]: Setting up your profile.
[0m15:48:00.556332 [debug] [MainThread]: Snowflake adapter: Setting snowflake.connector to ERROR (file logging only)
[0m15:48:00.557021 [debug] [MainThread]: Snowflake adapter: Setting botocore to ERROR (file logging only)
[0m15:48:00.557441 [debug] [MainThread]: Snowflake adapter: Setting boto3 to ERROR (file logging only)
[0m15:48:36.548800 [info ] [MainThread]: Profile dbt_transform written to C:\Users\syenq\.dbt\profiles.yml using target's profile_template.yml and your supplied values. Run 'dbt debug' to validate the connection.
[0m15:48:36.550236 [debug] [MainThread]: Command `dbt init` succeeded at 15:48:36.550091 after 177.76 seconds
[0m15:48:36.550618 [debug] [MainThread]: Sending event: {'category': 'dbt', 'action': 'invocation', 'label': 'end', 'context': [<snowplow_tracker.self_describing_json.SelfDescribingJson object at 0x0000015AC6A16060>, <snowplow_tracker.self_describing_json.SelfDescribingJson object at 0x0000015AC4B428D0>, <snowplow_tracker.self_describing_json.SelfDescribingJson object at 0x0000015AC6956F10>]}
[0m15:48:36.551202 [debug] [MainThread]: Flushing usage events
[0m15:48:37.867732 [debug] [MainThread]: An error was encountered while trying to flush usage events
